# JRE version: Java(TM) SE Runtime Environment (12.0.2+10) (build 12.0.2+10)
# Java VM: Java HotSpot(TM) 64-Bit Server VM (12.0.2+10, mixed mode, sharing, tiered, compressed oops, g1 gc, windows-amd64)
Heap:
 garbage-first heap   total 194560K, used 11757K [0x0000000742200000, 0x0000000800000000)
  region size 1024K, 5 young (5120K), 5 survivors (5120K)
 Metaspace       used 18660K, capacity 19438K, committed 19456K, reserved 1075200K
  class space    used 2507K, capacity 2798K, committed 2816K, reserved 1048576K
GC Heap History (10 events):
Event: 0.319 GC heap before
{Heap before GC invocations=0 (full 0):
 garbage-first heap   total 194560K, used 13312K [0x0000000742200000, 0x0000000800000000)
  region size 1024K, 14 young (14336K), 0 survivors (0K)
 Metaspace       used 681K, capacity 4605K, committed 4864K, reserved 1056768K
  class space    used 70K, capacity 409K, committed 512K, reserved 1048576K
}
Event: 0.324 GC heap after
{Heap after GC invocations=1 (full 0):
 garbage-first heap   total 194560K, used 5930K [0x0000000742200000, 0x0000000800000000)
  region size 1024K, 2 young (2048K), 2 survivors (2048K)
 Metaspace       used 681K, capacity 4605K, committed 4864K, reserved 1056768K
  class space    used 70K, capacity 409K, committed 512K, reserved 1048576K
}
Event: 1.058 GC heap before
{Heap before GC invocations=1 (full 0):
 garbage-first heap   total 194560K, used 21290K [0x0000000742200000, 0x0000000800000000)
  region size 1024K, 17 young (17408K), 2 survivors (2048K)
 Metaspace       used 5299K, capacity 5855K, committed 5888K, reserved 1056768K
  class space    used 646K, capacity 768K, committed 768K, reserved 1048576K
}
Event: 1.060 GC heap after
{Heap after GC invocations=2 (full 0):
 garbage-first heap   total 194560K, used 7573K [0x0000000742200000, 0x0000000800000000)
  region size 1024K, 2 young (2048K), 2 survivors (2048K)
 Metaspace       used 5299K, capacity 5855K, committed 5888K, reserved 1056768K
  class space    used 646K, capacity 768K, committed 768K, reserved 1048576K
}
Event: 1.267 GC heap before
{Heap before GC invocations=2 (full 0):
 garbage-first heap   total 194560K, used 30101K [0x0000000742200000, 0x0000000800000000)
  region size 1024K, 24 young (24576K), 2 survivors (2048K)
 Metaspace       used 7727K, capacity 8144K, committed 8320K, reserved 1056768K
  class space    used 960K, capacity 1088K, committed 1152K, reserved 1048576K
}
Event: 1.269 GC heap after
{Heap after GC invocations=3 (full 0):
 garbage-first heap   total 194560K, used 8716K [0x0000000742200000, 0x0000000800000000)
  region size 1024K, 2 young (2048K), 2 survivors (2048K)
 Metaspace       used 7727K, capacity 8144K, committed 8320K, reserved 1056768K
  class space    used 960K, capacity 1088K, committed 1152K, reserved 1048576K
}
Event: 2.422 GC heap before
{Heap before GC invocations=3 (full 0):
 garbage-first heap   total 194560K, used 44556K [0x0000000742200000, 0x0000000800000000)
  region size 1024K, 38 young (38912K), 2 survivors (2048K)
 Metaspace       used 12208K, capacity 12781K, committed 12928K, reserved 1060864K
  class space    used 1589K, capacity 1821K, committed 1920K, reserved 1048576K
}
Event: 2.424 GC heap after
{Heap after GC invocations=4 (full 0):
 garbage-first heap   total 194560K, used 9881K [0x0000000742200000, 0x0000000800000000)
  region size 1024K, 3 young (3072K), 3 survivors (3072K)
 Metaspace       used 12208K, capacity 12781K, committed 12928K, reserved 1060864K
  class space    used 1589K, capacity 1821K, committed 1920K, reserved 1048576K
}
Event: 2.707 GC heap before
{Heap before GC invocations=4 (full 0):
 garbage-first heap   total 194560K, used 74393K [0x0000000742200000, 0x0000000800000000)
  region size 1024K, 68 young (69632K), 3 survivors (3072K)
 Metaspace       used 18660K, capacity 19438K, committed 19456K, reserved 1073152K
  class space    used 2507K, capacity 2798K, committed 2816K, reserved 1048576K
}
Event: 2.713 GC heap after
{Heap after GC invocations=5 (full 0):
 garbage-first heap   total 194560K, used 11757K [0x0000000742200000, 0x0000000800000000)
  region size 1024K, 5 young (5120K), 5 survivors (5120K)
 Metaspace       used 18660K, capacity 19438K, committed 19456K, reserved 1073152K
  class space    used 2507K, capacity 2798K, committed 2816K, reserved 1048576K
}

