# JRE version: Java(TM) SE Runtime Environment (12.0.2+10) (build 12.0.2+10)
# Java VM: Java HotSpot(TM) 64-Bit Server VM (12.0.2+10, mixed mode, sharing, tiered, compressed oops, g1 gc, windows-amd64)
Heap:
 garbage-first heap   total 194560K, used 9137K [0x0000000742200000, 0x0000000800000000)
  region size 1024K, 2 young (2048K), 2 survivors (2048K)
 Metaspace       used 8781K, capacity 9188K, committed 9216K, reserved 1064960K
  class space    used 1100K, capacity 1266K, committed 1280K, reserved 1048576K
GC Heap History (8 events):
Event: 0.217 GC heap before
{Heap before GC invocations=0 (full 0):
 garbage-first heap   total 194560K, used 13312K [0x0000000742200000, 0x0000000800000000)
  region size 1024K, 14 young (14336K), 0 survivors (0K)
 Metaspace       used 696K, capacity 4605K, committed 4864K, reserved 1056768K
  class space    used 71K, capacity 409K, committed 512K, reserved 1048576K
}
Event: 0.221 GC heap after
{Heap after GC invocations=1 (full 0):
 garbage-first heap   total 194560K, used 5837K [0x0000000742200000, 0x0000000800000000)
  region size 1024K, 2 young (2048K), 2 survivors (2048K)
 Metaspace       used 696K, capacity 4605K, committed 4864K, reserved 1056768K
  class space    used 71K, capacity 409K, committed 512K, reserved 1048576K
}
Event: 0.874 GC heap before
{Heap before GC invocations=1 (full 0):
 garbage-first heap   total 194560K, used 21197K [0x0000000742200000, 0x0000000800000000)
  region size 1024K, 17 young (17408K), 2 survivors (2048K)
 Metaspace       used 5313K, capacity 5855K, committed 5888K, reserved 1056768K
  class space    used 644K, capacity 768K, committed 768K, reserved 1048576K
}
Event: 0.877 GC heap after
{Heap after GC invocations=2 (full 0):
 garbage-first heap   total 194560K, used 7709K [0x0000000742200000, 0x0000000800000000)
  region size 1024K, 2 young (2048K), 2 survivors (2048K)
 Metaspace       used 5313K, capacity 5855K, committed 5888K, reserved 1056768K
  class space    used 644K, capacity 768K, committed 768K, reserved 1048576K
}
Event: 1.059 GC heap before
{Heap before GC invocations=2 (full 0):
 garbage-first heap   total 194560K, used 30237K [0x0000000742200000, 0x0000000800000000)
  region size 1024K, 24 young (24576K), 2 survivors (2048K)
 Metaspace       used 7687K, capacity 8081K, committed 8320K, reserved 1056768K
  class space    used 962K, capacity 1083K, committed 1152K, reserved 1048576K
}
Event: 1.061 GC heap after
{Heap after GC invocations=3 (full 0):
 garbage-first heap   total 194560K, used 8543K [0x0000000742200000, 0x0000000800000000)
  region size 1024K, 1 young (1024K), 1 survivors (1024K)
 Metaspace       used 7687K, capacity 8081K, committed 8320K, reserved 1056768K
  class space    used 962K, capacity 1083K, committed 1152K, reserved 1048576K
}
Event: 1.700 GC heap before
{Heap before GC invocations=3 (full 0):
 garbage-first heap   total 194560K, used 16735K [0x0000000742200000, 0x0000000800000000)
  region size 1024K, 10 young (10240K), 1 survivors (1024K)
 Metaspace       used 8781K, capacity 9188K, committed 9216K, reserved 1062912K
  class space    used 1100K, capacity 1266K, committed 1280K, reserved 1048576K
}
Event: 1.702 GC heap after
{Heap after GC invocations=4 (full 0):
 garbage-first heap   total 194560K, used 9137K [0x0000000742200000, 0x0000000800000000)
  region size 1024K, 2 young (2048K), 2 survivors (2048K)
 Metaspace       used 8781K, capacity 9188K, committed 9216K, reserved 1062912K
  class space    used 1100K, capacity 1266K, committed 1280K, reserved 1048576K
}

