# JRE version: Java(TM) SE Runtime Environment (8.0_144-b01) (build 1.8.0_144-b01)
# Java VM: Java HotSpot(TM) 64-Bit Server VM (25.144-b01 mixed mode windows-amd64 compressed oops)
Heap:
 PSYoungGen      total 108032K, used 80444K [0x0000000780b80000, 0x0000000788f80000, 0x00000007c0000000)
  eden space 97280K, 71% used [0x0000000780b80000,0x0000000784f8fe88,0x0000000786a80000)
  from space 10752K, 99% used [0x0000000788500000,0x0000000788f7f250,0x0000000788f80000)
  to   space 7680K, 0% used [0x0000000786a80000,0x0000000786a80000,0x0000000787200000)
 ParOldGen       total 81408K, used 17380K [0x0000000702200000, 0x0000000707180000, 0x0000000780b80000)
  object space 81408K, 21% used [0x0000000702200000,0x00000007032f9128,0x0000000707180000)
 Metaspace       used 42613K, capacity 45667K, committed 45952K, reserved 1089536K
  class space    used 5878K, capacity 6416K, committed 6528K, reserved 1048576K
GC Heap History (10 events):
Event: 3.499 GC heap before
{Heap before GC invocations=6 (full 1):
 PSYoungGen      total 82432K, used 82109K [0x0000000780b80000, 0x0000000787980000, 0x00000007c0000000)
  eden space 75776K, 100% used [0x0000000780b80000,0x0000000785580000,0x0000000785580000)
  from space 6656K, 95% used [0x0000000787300000,0x000000078792f6a8,0x0000000787980000)
  to   space 7680K, 0% used [0x0000000786a80000,0x0000000786a80000,0x0000000787200000)
 ParOldGen       total 81408K, used 8070K [0x0000000702200000, 0x0000000707180000, 0x0000000780b80000)
  object space 81408K, 9% used [0x0000000702200000,0x00000007029e19f8,0x0000000707180000)
 Metaspace       used 29062K, capacity 30792K, committed 30848K, reserved 1075200K
  class space    used 3876K, capacity 4198K, committed 4224K, reserved 1048576K
Event: 3.507 GC heap after
Heap after GC invocations=6 (full 1):
 PSYoungGen      total 104960K, used 7659K [0x0000000780b80000, 0x0000000788f80000, 0x00000007c0000000)
  eden space 97280K, 0% used [0x0000000780b80000,0x0000000780b80000,0x0000000786a80000)
  from space 7680K, 99% used [0x0000000786a80000,0x00000007871faed8,0x0000000787200000)
  to   space 10752K, 0% used [0x0000000788500000,0x0000000788500000,0x0000000788f80000)
 ParOldGen       total 81408K, used 10785K [0x0000000702200000, 0x0000000707180000, 0x0000000780b80000)
  object space 81408K, 13% used [0x0000000702200000,0x0000000702c884d8,0x0000000707180000)
 Metaspace       used 29062K, capacity 30792K, committed 30848K, reserved 1075200K
  class space    used 3876K, capacity 4198K, committed 4224K, reserved 1048576K
}
Event: 4.121 GC heap before
{Heap before GC invocations=7 (full 1):
 PSYoungGen      total 104960K, used 75577K [0x0000000780b80000, 0x0000000788f80000, 0x00000007c0000000)
  eden space 97280K, 69% used [0x0000000780b80000,0x0000000784dd35c0,0x0000000786a80000)
  from space 7680K, 99% used [0x0000000786a80000,0x00000007871faed8,0x0000000787200000)
  to   space 10752K, 0% used [0x0000000788500000,0x0000000788500000,0x0000000788f80000)
 ParOldGen       total 81408K, used 10785K [0x0000000702200000, 0x0000000707180000, 0x0000000780b80000)
  object space 81408K, 13% used [0x0000000702200000,0x0000000702c884d8,0x0000000707180000)
 Metaspace       used 33147K, capacity 35365K, committed 35496K, reserved 1079296K
  class space    used 4454K, capacity 4864K, committed 4864K, reserved 1048576K
Event: 4.131 GC heap after
Heap after GC invocations=7 (full 1):
 PSYoungGen      total 108032K, used 10732K [0x0000000780b80000, 0x0000000788f80000, 0x00000007c0000000)
  eden space 97280K, 0% used [0x0000000780b80000,0x0000000780b80000,0x0000000786a80000)
  from space 10752K, 99% used [0x0000000788500000,0x0000000788f7b110,0x0000000788f80000)
  to   space 7680K, 0% used [0x0000000786a80000,0x0000000786a80000,0x0000000787200000)
 ParOldGen       total 81408K, used 11607K [0x0000000702200000, 0x0000000707180000, 0x0000000780b80000)
  object space 81408K, 14% used [0x0000000702200000,0x0000000702d55ea0,0x0000000707180000)
 Metaspace       used 33147K, capacity 35365K, committed 35496K, reserved 1079296K
  class space    used 4454K, capacity 4864K, committed 4864K, reserved 1048576K
}
Event: 4.131 GC heap before
{Heap before GC invocations=8 (full 2):
 PSYoungGen      total 108032K, used 10732K [0x0000000780b80000, 0x0000000788f80000, 0x00000007c0000000)
  eden space 97280K, 0% used [0x0000000780b80000,0x0000000780b80000,0x0000000786a80000)
  from space 10752K, 99% used [0x0000000788500000,0x0000000788f7b110,0x0000000788f80000)
  to   space 7680K, 0% used [0x0000000786a80000,0x0000000786a80000,0x0000000787200000)
 ParOldGen       total 81408K, used 11607K [0x0000000702200000, 0x0000000707180000, 0x0000000780b80000)
  object space 81408K, 14% used [0x0000000702200000,0x0000000702d55ea0,0x0000000707180000)
 Metaspace       used 33147K, capacity 35365K, committed 35496K, reserved 1079296K
  class space    used 4454K, capacity 4864K, committed 4864K, reserved 1048576K
Event: 4.172 GC heap after
Heap after GC invocations=8 (full 2):
 PSYoungGen      total 108032K, used 0K [0x0000000780b80000, 0x0000000788f80000, 0x00000007c0000000)
  eden space 97280K, 0% used [0x0000000780b80000,0x0000000780b80000,0x0000000786a80000)
  from space 10752K, 0% used [0x0000000788500000,0x0000000788500000,0x0000000788f80000)
  to   space 7680K, 0% used [0x0000000786a80000,0x0000000786a80000,0x0000000787200000)
 ParOldGen       total 81408K, used 16953K [0x0000000702200000, 0x0000000707180000, 0x0000000780b80000)
  object space 81408K, 20% used [0x0000000702200000,0x000000070328e6f0,0x0000000707180000)
 Metaspace       used 33147K, capacity 35365K, committed 35496K, reserved 1079296K
  class space    used 4454K, capacity 4864K, committed 4864K, reserved 1048576K
}
Event: 4.817 GC heap before
{Heap before GC invocations=9 (full 2):
 PSYoungGen      total 108032K, used 97280K [0x0000000780b80000, 0x0000000788f80000, 0x00000007c0000000)
  eden space 97280K, 100% used [0x0000000780b80000,0x0000000786a80000,0x0000000786a80000)
  from space 10752K, 0% used [0x0000000788500000,0x0000000788500000,0x0000000788f80000)
  to   space 7680K, 0% used [0x0000000786a80000,0x0000000786a80000,0x0000000787200000)
 ParOldGen       total 81408K, used 16953K [0x0000000702200000, 0x0000000707180000, 0x0000000780b80000)
  object space 81408K, 20% used [0x0000000702200000,0x000000070328e6f0,0x0000000707180000)
 Metaspace       used 36125K, capacity 38837K, committed 39040K, reserved 1083392K
  class space    used 4919K, capacity 5415K, committed 5504K, reserved 1048576K
Event: 4.824 GC heap after
Heap after GC invocations=9 (full 2):
 PSYoungGen      total 104960K, used 6805K [0x0000000780b80000, 0x0000000788f80000, 0x00000007c0000000)
  eden space 97280K, 0% used [0x0000000780b80000,0x0000000780b80000,0x0000000786a80000)
  from space 7680K, 88% used [0x0000000786a80000,0x00000007871255a8,0x0000000787200000)
  to   space 10752K, 0% used [0x0000000788500000,0x0000000788500000,0x0000000788f80000)
 ParOldGen       total 81408K, used 16961K [0x0000000702200000, 0x0000000707180000, 0x0000000780b80000)
  object space 81408K, 20% used [0x0000000702200000,0x00000007032906f0,0x0000000707180000)
 Metaspace       used 36125K, capacity 38837K, committed 39040K, reserved 1083392K
  class space    used 4919K, capacity 5415K, committed 5504K, reserved 1048576K
}
Event: 6.332 GC heap before
{Heap before GC invocations=10 (full 2):
 PSYoungGen      total 104960K, used 104085K [0x0000000780b80000, 0x0000000788f80000, 0x00000007c0000000)
  eden space 97280K, 100% used [0x0000000780b80000,0x0000000786a80000,0x0000000786a80000)
  from space 7680K, 88% used [0x0000000786a80000,0x00000007871255a8,0x0000000787200000)
  to   space 10752K, 0% used [0x0000000788500000,0x0000000788500000,0x0000000788f80000)
 ParOldGen       total 81408K, used 16961K [0x0000000702200000, 0x0000000707180000, 0x0000000780b80000)
  object space 81408K, 20% used [0x0000000702200000,0x00000007032906f0,0x0000000707180000)
 Metaspace       used 39842K, capacity 42727K, committed 42880K, reserved 1085440K
  class space    used 5419K, capacity 5930K, committed 6016K, reserved 1048576K
Event: 6.340 GC heap after
Heap after GC invocations=10 (full 2):
 PSYoungGen      total 108032K, used 10748K [0x0000000780b80000, 0x0000000788f80000, 0x00000007c0000000)
  eden space 97280K, 0% used [0x0000000780b80000,0x0000000780b80000,0x0000000786a80000)
  from space 10752K, 99% used [0x0000000788500000,0x0000000788f7f250,0x0000000788f80000)
  to   space 7680K, 0% used [0x0000000786a80000,0x0000000786a80000,0x0000000787200000)
 ParOldGen       total 81408K, used 17380K [0x0000000702200000, 0x0000000707180000, 0x0000000780b80000)
  object space 81408K, 21% used [0x0000000702200000,0x00000007032f9128,0x0000000707180000)
 Metaspace       used 39842K, capacity 42727K, committed 42880K, reserved 1085440K
  class space    used 5419K, capacity 5930K, committed 6016K, reserved 1048576K
}

