# JRE version: Java(TM) SE Runtime Environment (8.0_144-b01) (build 1.8.0_144-b01)
# Java VM: Java HotSpot(TM) 64-Bit Server VM (25.144-b01 mixed mode windows-amd64 compressed oops)
Heap:
 PSYoungGen      total 83968K, used 16563K [0x0000000780b80000, 0x0000000787980000, 0x00000007c0000000)
  eden space 77312K, 13% used [0x0000000780b80000,0x00000007815a35b8,0x0000000785700000)
  from space 6656K, 92% used [0x0000000787300000,0x0000000787909650,0x0000000787980000)
  to   space 7680K, 0% used [0x0000000786a80000,0x0000000786a80000,0x0000000787200000)
 ParOldGen       total 80384K, used 7906K [0x0000000702200000, 0x0000000707080000, 0x0000000780b80000)
  object space 80384K, 9% used [0x0000000702200000,0x00000007029b8a68,0x0000000707080000)
 Metaspace       used 25558K, capacity 27110K, committed 27392K, reserved 1073152K
  class space    used 3462K, capacity 3765K, committed 3840K, reserved 1048576K
GC Heap History (10 events):
Event: 0.861 GC heap before
{Heap before GC invocations=1 (full 0):
 PSYoungGen      total 56832K, used 49152K [0x0000000780b80000, 0x0000000784a80000, 0x00000007c0000000)
  eden space 49152K, 100% used [0x0000000780b80000,0x0000000783b80000,0x0000000783b80000)
  from space 7680K, 0% used [0x0000000784300000,0x0000000784300000,0x0000000784a80000)
  to   space 7680K, 0% used [0x0000000783b80000,0x0000000783b80000,0x0000000784300000)
 ParOldGen       total 130048K, used 0K [0x0000000702200000, 0x000000070a100000, 0x0000000780b80000)
  object space 130048K, 0% used [0x0000000702200000,0x0000000702200000,0x000000070a100000)
 Metaspace       used 11173K, capacity 12044K, committed 12160K, reserved 1060864K
  class space    used 1394K, capacity 1602K, committed 1664K, reserved 1048576K
Event: 0.866 GC heap after
Heap after GC invocations=1 (full 0):
 PSYoungGen      total 56832K, used 6504K [0x0000000780b80000, 0x0000000784a80000, 0x00000007c0000000)
  eden space 49152K, 0% used [0x0000000780b80000,0x0000000780b80000,0x0000000783b80000)
  from space 7680K, 84% used [0x0000000783b80000,0x00000007841da318,0x0000000784300000)
  to   space 7680K, 0% used [0x0000000784300000,0x0000000784300000,0x0000000784a80000)
 ParOldGen       total 130048K, used 16K [0x0000000702200000, 0x000000070a100000, 0x0000000780b80000)
  object space 130048K, 0% used [0x0000000702200000,0x0000000702204000,0x000000070a100000)
 Metaspace       used 11173K, capacity 12044K, committed 12160K, reserved 1060864K
  class space    used 1394K, capacity 1602K, committed 1664K, reserved 1048576K
}
Event: 1.923 GC heap before
{Heap before GC invocations=2 (full 0):
 PSYoungGen      total 56832K, used 55656K [0x0000000780b80000, 0x0000000784a80000, 0x00000007c0000000)
  eden space 49152K, 100% used [0x0000000780b80000,0x0000000783b80000,0x0000000783b80000)
  from space 7680K, 84% used [0x0000000783b80000,0x00000007841da318,0x0000000784300000)
  to   space 7680K, 0% used [0x0000000784300000,0x0000000784300000,0x0000000784a80000)
 ParOldGen       total 130048K, used 16K [0x0000000702200000, 0x000000070a100000, 0x0000000780b80000)
  object space 130048K, 0% used [0x0000000702200000,0x0000000702204000,0x000000070a100000)
 Metaspace       used 16081K, capacity 17388K, committed 17536K, reserved 1064960K
  class space    used 2094K, capacity 2368K, committed 2432K, reserved 1048576K
Event: 1.930 GC heap after
Heap after GC invocations=2 (full 0):
 PSYoungGen      total 56832K, used 7614K [0x0000000780b80000, 0x0000000784a80000, 0x00000007c0000000)
  eden space 49152K, 0% used [0x0000000780b80000,0x0000000780b80000,0x0000000783b80000)
  from space 7680K, 99% used [0x0000000784300000,0x0000000784a6fa70,0x0000000784a80000)
  to   space 7680K, 0% used [0x0000000783b80000,0x0000000783b80000,0x0000000784300000)
 ParOldGen       total 130048K, used 24K [0x0000000702200000, 0x000000070a100000, 0x0000000780b80000)
  object space 130048K, 0% used [0x0000000702200000,0x0000000702206000,0x000000070a100000)
 Metaspace       used 16081K, capacity 17388K, committed 17536K, reserved 1064960K
  class space    used 2094K, capacity 2368K, committed 2432K, reserved 1048576K
}
Event: 2.117 GC heap before
{Heap before GC invocations=3 (full 0):
 PSYoungGen      total 56832K, used 42684K [0x0000000780b80000, 0x0000000784a80000, 0x00000007c0000000)
  eden space 49152K, 71% used [0x0000000780b80000,0x0000000782dbf600,0x0000000783b80000)
  from space 7680K, 99% used [0x0000000784300000,0x0000000784a6fa70,0x0000000784a80000)
  to   space 7680K, 0% used [0x0000000783b80000,0x0000000783b80000,0x0000000784300000)
 ParOldGen       total 130048K, used 24K [0x0000000702200000, 0x000000070a100000, 0x0000000780b80000)
  object space 130048K, 0% used [0x0000000702200000,0x0000000702206000,0x000000070a100000)
 Metaspace       used 19758K, capacity 21140K, committed 21296K, reserved 1067008K
  class space    used 2647K, capacity 2918K, committed 2944K, reserved 1048576K
Event: 2.123 GC heap after
Heap after GC invocations=3 (full 0):
 PSYoungGen      total 56832K, used 7678K [0x0000000780b80000, 0x0000000787a80000, 0x00000007c0000000)
  eden space 49152K, 0% used [0x0000000780b80000,0x0000000780b80000,0x0000000783b80000)
  from space 7680K, 99% used [0x0000000783b80000,0x00000007842ff9e0,0x0000000784300000)
  to   space 7680K, 0% used [0x0000000787300000,0x0000000787300000,0x0000000787a80000)
 ParOldGen       total 130048K, used 505K [0x0000000702200000, 0x000000070a100000, 0x0000000780b80000)
  object space 130048K, 0% used [0x0000000702200000,0x000000070227e478,0x000000070a100000)
 Metaspace       used 19758K, capacity 21140K, committed 21296K, reserved 1067008K
  class space    used 2647K, capacity 2918K, committed 2944K, reserved 1048576K
}
Event: 2.123 GC heap before
{Heap before GC invocations=4 (full 1):
 PSYoungGen      total 56832K, used 7678K [0x0000000780b80000, 0x0000000787a80000, 0x00000007c0000000)
  eden space 49152K, 0% used [0x0000000780b80000,0x0000000780b80000,0x0000000783b80000)
  from space 7680K, 99% used [0x0000000783b80000,0x00000007842ff9e0,0x0000000784300000)
  to   space 7680K, 0% used [0x0000000787300000,0x0000000787300000,0x0000000787a80000)
 ParOldGen       total 130048K, used 505K [0x0000000702200000, 0x000000070a100000, 0x0000000780b80000)
  object space 130048K, 0% used [0x0000000702200000,0x000000070227e478,0x000000070a100000)
 Metaspace       used 19758K, capacity 21140K, committed 21296K, reserved 1067008K
  class space    used 2647K, capacity 2918K, committed 2944K, reserved 1048576K
Event: 2.147 GC heap after
Heap after GC invocations=4 (full 1):
 PSYoungGen      total 56832K, used 0K [0x0000000780b80000, 0x0000000787a80000, 0x00000007c0000000)
  eden space 49152K, 0% used [0x0000000780b80000,0x0000000780b80000,0x0000000783b80000)
  from space 7680K, 0% used [0x0000000783b80000,0x0000000783b80000,0x0000000784300000)
  to   space 7680K, 0% used [0x0000000787300000,0x0000000787300000,0x0000000787a80000)
 ParOldGen       total 80384K, used 7906K [0x0000000702200000, 0x0000000707080000, 0x0000000780b80000)
  object space 80384K, 9% used [0x0000000702200000,0x00000007029b8a68,0x0000000707080000)
 Metaspace       used 19758K, capacity 21140K, committed 21296K, reserved 1067008K
  class space    used 2647K, capacity 2918K, committed 2944K, reserved 1048576K
}
Event: 2.437 GC heap before
{Heap before GC invocations=5 (full 1):
 PSYoungGen      total 56832K, used 49152K [0x0000000780b80000, 0x0000000787a80000, 0x00000007c0000000)
  eden space 49152K, 100% used [0x0000000780b80000,0x0000000783b80000,0x0000000783b80000)
  from space 7680K, 0% used [0x0000000783b80000,0x0000000783b80000,0x0000000784300000)
  to   space 7680K, 0% used [0x0000000787300000,0x0000000787300000,0x0000000787a80000)
 ParOldGen       total 80384K, used 7906K [0x0000000702200000, 0x0000000707080000, 0x0000000780b80000)
  object space 80384K, 9% used [0x0000000702200000,0x00000007029b8a68,0x0000000707080000)
 Metaspace       used 24572K, capacity 26142K, committed 26496K, reserved 1073152K
  class space    used 3301K, capacity 3609K, committed 3712K, reserved 1048576K
Event: 2.443 GC heap after
Heap after GC invocations=5 (full 1):
 PSYoungGen      total 83968K, used 6181K [0x0000000780b80000, 0x0000000787980000, 0x00000007c0000000)
  eden space 77312K, 0% used [0x0000000780b80000,0x0000000780b80000,0x0000000785700000)
  from space 6656K, 92% used [0x0000000787300000,0x0000000787909650,0x0000000787980000)
  to   space 7680K, 0% used [0x0000000786a80000,0x0000000786a80000,0x0000000787200000)
 ParOldGen       total 80384K, used 7906K [0x0000000702200000, 0x0000000707080000, 0x0000000780b80000)
  object space 80384K, 9% used [0x0000000702200000,0x00000007029b8a68,0x0000000707080000)
 Metaspace       used 24572K, capacity 26142K, committed 26496K, reserved 1073152K
  class space    used 3301K, capacity 3609K, committed 3712K, reserved 1048576K
}

